Using pre-set license
Built from '2022.3/staging' branch; Version is '2022.3.16f1 (d2c21f0ef2f1) revision 13812255'; Using compiler version '192829333'; Build Type 'Release'
OS: 'Windows 10  (10.0.19045) 64bit CoreSingleLanguage' Language: 'ru' Physical Memory: 8066 MB
BatchMode: 1, IsHumanControllingUs: 0, StartBugReporterOnCrash: 0, Is64bit: 1, IsPro: 1

COMMAND LINE ARGUMENTS:
C:\Program Files\Unity\Hub\Editor\2022.3.16f1\Editor\Unity.exe
-adb2
-batchMode
-noUpm
-name
AssetImportWorker0
-projectPath
C:/Users/jogll/Desktop/Домашняя работа/Unity/Learning/Task_16
-logFile
Logs/AssetImportWorker0.log
-srvPort
51719
Successfully changed project path to: C:/Users/jogll/Desktop/Домашняя работа/Unity/Learning/Task_16
C:/Users/jogll/Desktop/Домашняя работа/Unity/Learning/Task_16
[UnityMemory] Configuration Parameters - Can be set up in boot.config
    "memorysetup-bucket-allocator-granularity=16"
    "memorysetup-bucket-allocator-bucket-count=8"
    "memorysetup-bucket-allocator-block-size=33554432"
    "memorysetup-bucket-allocator-block-count=8"
    "memorysetup-main-allocator-block-size=16777216"
    "memorysetup-thread-allocator-block-size=16777216"
    "memorysetup-gfx-main-allocator-block-size=16777216"
    "memorysetup-gfx-thread-allocator-block-size=16777216"
    "memorysetup-cache-allocator-block-size=4194304"
    "memorysetup-typetree-allocator-block-size=2097152"
    "memorysetup-profiler-bucket-allocator-granularity=16"
    "memorysetup-profiler-bucket-allocator-bucket-count=8"
    "memorysetup-profiler-bucket-allocator-block-size=33554432"
    "memorysetup-profiler-bucket-allocator-block-count=8"
    "memorysetup-profiler-allocator-block-size=16777216"
    "memorysetup-profiler-editor-allocator-block-size=1048576"
    "memorysetup-temp-allocator-size-main=16777216"
    "memorysetup-job-temp-allocator-block-size=2097152"
    "memorysetup-job-temp-allocator-block-size-background=1048576"
    "memorysetup-job-temp-allocator-reduction-small-platforms=262144"
    "memorysetup-allocator-temp-initial-block-size-main=262144"
    "memorysetup-allocator-temp-initial-block-size-worker=262144"
    "memorysetup-temp-allocator-size-background-worker=32768"
    "memorysetup-temp-allocator-size-job-worker=262144"
    "memorysetup-temp-allocator-size-preload-manager=33554432"
    "memorysetup-temp-allocator-size-nav-mesh-worker=65536"
    "memorysetup-temp-allocator-size-audio-worker=65536"
    "memorysetup-temp-allocator-size-cloud-worker=32768"
    "memorysetup-temp-allocator-size-gi-baking-worker=262144"
    "memorysetup-temp-allocator-size-gfx=262144"
Player connection [14796] Host "[IP] 192.168.1.34 [Port] 0 [Flags] 2 [Guid] 704629303 [EditorId] 704629303 [Version] 1048832 [Id] WindowsEditor(7,DESKTOP-AVO91GJ) [Debug] 1 [PackageName] WindowsEditor [ProjectName] Editor" joined multi-casting on [225.0.0.222:54997]...

Player connection [14796] Host "[IP] 192.168.1.34 [Port] 0 [Flags] 2 [Guid] 704629303 [EditorId] 704629303 [Version] 1048832 [Id] WindowsEditor(7,DESKTOP-AVO91GJ) [Debug] 1 [PackageName] WindowsEditor [ProjectName] Editor" joined alternative multi-casting on [225.0.0.222:34997]...

[Physics::Module] Initialized MultithreadedJobDispatcher with 3 workers.
Refreshing native plugins compatible for Editor in 17.15 ms, found 3 plugins.
Preloading 0 native plugins for Editor in 0.00 ms.
Initialize engine version: 2022.3.16f1 (d2c21f0ef2f1)
[Subsystems] Discovering subsystems at path C:/Program Files/Unity/Hub/Editor/2022.3.16f1/Editor/Data/Resources/UnitySubsystems
[Subsystems] Discovering subsystems at path C:/Users/jogll/Desktop/Домашняя работа/Unity/Learning/Task_16/Assets
GfxDevice: creating device client; threaded=0; jobified=0
Direct3D:
    Version:  Direct3D 11.0 [level 11.0]
    Renderer: NVIDIA GeForce 940MX (ID=0x134d)
    Vendor:   NVIDIA
    VRAM:     2008 MB
    Driver:   31.0.15.3758
Initialize mono
Mono path[0] = 'C:/Program Files/Unity/Hub/Editor/2022.3.16f1/Editor/Data/Managed'
Mono path[1] = 'C:/Program Files/Unity/Hub/Editor/2022.3.16f1/Editor/Data/MonoBleedingEdge/lib/mono/unityjit-win32'
Mono config path = 'C:/Program Files/Unity/Hub/Editor/2022.3.16f1/Editor/Data/MonoBleedingEdge/etc'
Using monoOptions --debugger-agent=transport=dt_socket,embedding=1,server=y,suspend=n,address=127.0.0.1:56480
Begin MonoManager ReloadAssembly
Registering precompiled unity dll's ...
Register platform support module: C:/Program Files/Unity/Hub/Editor/2022.3.16f1/Editor/Data/PlaybackEngines/WebGLSupport/UnityEditor.WebGL.Extensions.dll
Register platform support module: C:/Program Files/Unity/Hub/Editor/2022.3.16f1/Editor/Data/PlaybackEngines/WindowsStandaloneSupport/UnityEditor.WindowsStandalone.Extensions.dll
Registered in 0.022042 seconds.
- Loaded All Assemblies, in  0.663 seconds
Native extension for WindowsStandalone target not found
Native extension for WebGL target not found
Mono: successfully reloaded assembly
- Finished resetting the current domain, in  0.487 seconds
Domain Reload Profiling: 1147ms
	BeginReloadAssembly (180ms)
		ExecutionOrderSort (0ms)
		DisableScriptedObjects (0ms)
		BackupInstance (0ms)
		ReleaseScriptingObjects (0ms)
		CreateAndSetChildDomain (1ms)
	RebuildCommonClasses (60ms)
	RebuildNativeTypeToScriptingClass (19ms)
	initialDomainReloadingComplete (123ms)
	LoadAllAssembliesAndSetupDomain (277ms)
		LoadAssemblies (179ms)
		RebuildTransferFunctionScriptingTraits (0ms)
		AnalyzeDomain (272ms)
			TypeCache.Refresh (270ms)
				TypeCache.ScanAssembly (246ms)
			ScanForSourceGeneratedMonoScriptInfo (1ms)
			ResolveRequiredComponents (1ms)
	FinalizeReload (488ms)
		ReleaseScriptCaches (0ms)
		RebuildScriptCaches (0ms)
		SetupLoadedEditorAssemblies (384ms)
			LogAssemblyErrors (0ms)
			InitializePlatformSupportModulesInManaged (20ms)
			SetLoadedEditorAssemblies (10ms)
			RefreshPlugins (0ms)
			BeforeProcessingInitializeOnLoad (4ms)
			ProcessInitializeOnLoadAttributes (242ms)
			ProcessInitializeOnLoadMethodAttributes (108ms)
			AfterProcessingInitializeOnLoad (0ms)
			EditorAssembliesLoaded (0ms)
		ExecutionOrderSort2 (0ms)
		AwakeInstancesAfterBackupRestoration (0ms)
========================================================================
Worker process is ready to serve import requests
Begin MonoManager ReloadAssembly
- Loaded All Assemblies, in  1.149 seconds
Refreshing native plugins compatible for Editor in 5.26 ms, found 3 plugins.
Native extension for WindowsStandalone target not found
Native extension for WebGL target not found
Package Manager log level set to [2]
[Package Manager] Server::EnsureServerProcessIsRunning -- launch failed, reason: Unity was launched with the -noUpm command-line argument
[Package Manager] UpmClient::Send -- Unable to send message (not connected to UPM process).
[Package Manager] Cannot connect to Unity Package Manager local server
Mono: successfully reloaded assembly
- Finished resetting the current domain, in  1.419 seconds
Domain Reload Profiling: 2564ms
	BeginReloadAssembly (293ms)
		ExecutionOrderSort (0ms)
		DisableScriptedObjects (9ms)
		BackupInstance (0ms)
		ReleaseScriptingObjects (0ms)
		CreateAndSetChildDomain (37ms)
	RebuildCommonClasses (63ms)
	RebuildNativeTypeToScriptingClass (19ms)
	initialDomainReloadingComplete (82ms)
	LoadAllAssembliesAndSetupDomain (688ms)
		LoadAssemblies (540ms)
		RebuildTransferFunctionScriptingTraits (0ms)
		AnalyzeDomain (332ms)
			TypeCache.Refresh (293ms)
				TypeCache.ScanAssembly (265ms)
			ScanForSourceGeneratedMonoScriptInfo (29ms)
			ResolveRequiredComponents (8ms)
	FinalizeReload (1419ms)
		ReleaseScriptCaches (0ms)
		RebuildScriptCaches (0ms)
		SetupLoadedEditorAssemblies (1125ms)
			LogAssemblyErrors (0ms)
			InitializePlatformSupportModulesInManaged (14ms)
			SetLoadedEditorAssemblies (8ms)
			RefreshPlugins (0ms)
			BeforeProcessingInitializeOnLoad (118ms)
			ProcessInitializeOnLoadAttributes (921ms)
			ProcessInitializeOnLoadMethodAttributes (45ms)
			AfterProcessingInitializeOnLoad (18ms)
			EditorAssembliesLoaded (0ms)
		ExecutionOrderSort2 (0ms)
		AwakeInstancesAfterBackupRestoration (15ms)
Launched and connected shader compiler UnityShaderCompiler.exe after 0.23 seconds
Refreshing native plugins compatible for Editor in 19.17 ms, found 3 plugins.
Preloading 0 native plugins for Editor in 0.00 ms.
Unloading 3083 Unused Serialized files (Serialized files now loaded: 0)
Unloading 32 unused Assets / (56.9 KB). Loaded Objects now: 3544.
Memory consumption went from 122.1 MB to 122.0 MB.
Total: 10.725300 ms (FindLiveObjects: 0.581700 ms CreateObjectMapping: 0.414900 ms MarkObjects: 9.349000 ms  DeleteObjects: 0.378400 ms)

AssetImportParameters requested are different than current active one (requested -> active):
  custom:container-demuxer-ogg: 62fdf1f143b41e24485cea50d1cbac27 -> 
  custom:video-decoder-ogg-theora: a1e56fd34408186e4bbccfd4996cb3dc -> 
  custom:framework-win-MediaFoundation: 216162199b28c13a410421893ffa2e32 -> 
  custom:CustomObjectIndexerAttribute: 43b350a4d6e6d1791af0b5038c4bea17 -> 
  custom:container-demuxer-webm: 4f35f7cbe854078d1ac9338744f61a02 -> 
  custom:container-muxer-webm: aa71ff27fc2769a1b78a27578f13a17b -> 
  custom:video-decoder-webm-vp8: 9c59270c3fd7afecdb556c50c9e8de78 -> 
  custom:SearchIndexIgnoredProperties: e643bd26f0fe6173181afceb89e7c659 -> 
  custom:AudioImporter_EditorPlatform: d09bf68614088b80899f8185d706f6e7 -> 
  custom:video-encoder-webm-vp8: eb34c28f22e8b96e1ab97ce403110664 -> 
  custom:audio-decoder-ogg-vorbis: bf7c407c2cedff20999df2af8eb42d56 -> 
  custom:audio-encoder-webm-vorbis: bf7c407c2cedff20999df2af8eb42d56 -> 
========================================================================
Received Import Request.
  Time since last request: 1273005.099346 seconds.
  path: Assets/Textures
  artifactKey: Guid(287a14c08c437ce439a5ad3a1074bd98) Importer(815301076,1909f56bfc062723c751e8b465ee728b)
Start importing Assets/Textures using Guid(287a14c08c437ce439a5ad3a1074bd98) Importer(815301076,1909f56bfc062723c751e8b465ee728b)  -> (artifact id: '44cd2bfedb6174113fd90800fc7217af') in 0.005696 seconds
Number of updated asset objects reloaded before import = 0
Number of asset objects unloaded after import = 0
========================================================================
Received Import Request.
  Time since last request: 7.248162 seconds.
  path: Assets/Textures/GrassTextures.jpg
  artifactKey: Guid(fca83c1595148fb4ebc413d105bcdaeb) Importer(815301076,1909f56bfc062723c751e8b465ee728b)
Start importing Assets/Textures/GrassTextures.jpg using Guid(fca83c1595148fb4ebc413d105bcdaeb) Importer(815301076,1909f56bfc062723c751e8b465ee728b)  -> (artifact id: '80f815696f22a01ccd96533b352447ce') in 0.164685 seconds
Number of updated asset objects reloaded before import = 0
Number of asset objects unloaded after import = 2
========================================================================
Received Import Request.
  Time since last request: 4.131349 seconds.
  path: Assets
  artifactKey: Guid(00000000000000001000000000000000) Importer(815301076,1909f56bfc062723c751e8b465ee728b)
Start importing Assets using Guid(00000000000000001000000000000000) Importer(815301076,1909f56bfc062723c751e8b465ee728b)  -> (artifact id: '8a4fe85251aa2e89732c359432baa2c3') in 0.000712 seconds
Number of updated asset objects reloaded before import = 0
Number of asset objects unloaded after import = 0
========================================================================
Received Import Request.
  Time since last request: 9.173918 seconds.
  path: Assets/Materials
  artifactKey: Guid(11d68231ca49e014a91dea61243d7ff8) Importer(815301076,1909f56bfc062723c751e8b465ee728b)
Start importing Assets/Materials using Guid(11d68231ca49e014a91dea61243d7ff8) Importer(815301076,1909f56bfc062723c751e8b465ee728b)  -> (artifact id: '12065895ca85170a012e7c7baa3c69e2') in 0.000778 seconds
Number of updated asset objects reloaded before import = 0
Number of asset objects unloaded after import = 0
========================================================================
Received Import Request.
  Time since last request: 17.636891 seconds.
  path: Assets/Materials/GrassMaterial.mat
  artifactKey: Guid(2a8ed8df344711047bf7647a9841bfe7) Importer(815301076,1909f56bfc062723c751e8b465ee728b)
Start importing Assets/Materials/GrassMaterial.mat using Guid(2a8ed8df344711047bf7647a9841bfe7) Importer(815301076,1909f56bfc062723c751e8b465ee728b)  -> (artifact id: '6f55b66966a147c51ba6253e25c361b0') in 0.445477 seconds
Number of updated asset objects reloaded before import = 0
Number of asset objects unloaded after import = 1
========================================================================
Received Import Request.
  Time since last request: 216.951674 seconds.
  path: Assets/Textures/GrassNormalMap.png
  artifactKey: Guid(a5632147c0e9b774c85d44569e16a2b6) Importer(815301076,1909f56bfc062723c751e8b465ee728b)
Start importing Assets/Textures/GrassNormalMap.png using Guid(a5632147c0e9b774c85d44569e16a2b6) Importer(815301076,1909f56bfc062723c751e8b465ee728b)  -> (artifact id: '5350f33b8764d7d00e42ede4bca7f949') in 0.058927 seconds
Number of updated asset objects reloaded before import = 0
Number of asset objects unloaded after import = 2
========================================================================
Received Import Request.
  Time since last request: 15.148059 seconds.
  path: Assets/Textures/GrassNormalMap.png
  artifactKey: Guid(a5632147c0e9b774c85d44569e16a2b6) Importer(815301076,1909f56bfc062723c751e8b465ee728b)
Start importing Assets/Textures/GrassNormalMap.png using Guid(a5632147c0e9b774c85d44569e16a2b6) Importer(815301076,1909f56bfc062723c751e8b465ee728b)  -> (artifact id: '3f3d21443b10e143cb199e4444b99045') in 0.075098 seconds
Number of updated asset objects reloaded before import = 0
Number of asset objects unloaded after import = 2
========================================================================
Received Prepare
Begin MonoManager ReloadAssembly
- Loaded All Assemblies, in  0.771 seconds
Refreshing native plugins compatible for Editor in 5.53 ms, found 3 plugins.
Native extension for WindowsStandalone target not found
Native extension for WebGL target not found
[Package Manager] Server::EnsureServerProcessIsRunning -- launch failed, reason: Unity was launched with the -noUpm command-line argument
[Package Manager] UpmClient::Send -- Unable to send message (not connected to UPM process).
[Package Manager] Cannot connect to Unity Package Manager local server
Mono: successfully reloaded assembly
- Finished resetting the current domain, in  2.307 seconds
Domain Reload Profiling: 3073ms
	BeginReloadAssembly (271ms)
		ExecutionOrderSort (0ms)
		DisableScriptedObjects (11ms)
		BackupInstance (0ms)
		ReleaseScriptingObjects (0ms)
		CreateAndSetChildDomain (55ms)
	RebuildCommonClasses (59ms)
	RebuildNativeTypeToScriptingClass (20ms)
	initialDomainReloadingComplete (51ms)
	LoadAllAssembliesAndSetupDomain (363ms)
		LoadAssemblies (493ms)
		RebuildTransferFunctionScriptingTraits (0ms)
		AnalyzeDomain (17ms)
			TypeCache.Refresh (7ms)
				TypeCache.ScanAssembly (0ms)
			ScanForSourceGeneratedMonoScriptInfo (0ms)
			ResolveRequiredComponents (8ms)
	FinalizeReload (2309ms)
		ReleaseScriptCaches (0ms)
		RebuildScriptCaches (0ms)
		SetupLoadedEditorAssemblies (1376ms)
			LogAssemblyErrors (0ms)
			InitializePlatformSupportModulesInManaged (17ms)
			SetLoadedEditorAssemblies (8ms)
			RefreshPlugins (0ms)
			BeforeProcessingInitializeOnLoad (129ms)
			ProcessInitializeOnLoadAttributes (1136ms)
			ProcessInitializeOnLoadMethodAttributes (56ms)
			AfterProcessingInitializeOnLoad (29ms)
			EditorAssembliesLoaded (0ms)
		ExecutionOrderSort2 (0ms)
		AwakeInstancesAfterBackupRestoration (24ms)
Refreshing native plugins compatible for Editor in 10.50 ms, found 3 plugins.
Preloading 0 native plugins for Editor in 0.00 ms.
Unloading 3075 Unused Serialized files (Serialized files now loaded: 0)
Unloading 23 unused Assets / (31.1 KB). Loaded Objects now: 3591.
Memory consumption went from 127.6 MB to 127.5 MB.
Total: 38.633300 ms (FindLiveObjects: 0.431200 ms CreateObjectMapping: 0.338600 ms MarkObjects: 37.791700 ms  DeleteObjects: 0.070300 ms)

Prepare: number of updated asset objects reloaded= 0
AssetImportParameters requested are different than current active one (requested -> active):
  custom:container-demuxer-ogg: 62fdf1f143b41e24485cea50d1cbac27 -> 
  custom:video-decoder-ogg-theora: a1e56fd34408186e4bbccfd4996cb3dc -> 
  custom:framework-win-MediaFoundation: 216162199b28c13a410421893ffa2e32 -> 
  custom:CustomObjectIndexerAttribute: 43b350a4d6e6d1791af0b5038c4bea17 -> 
  custom:container-demuxer-webm: 4f35f7cbe854078d1ac9338744f61a02 -> 
  custom:container-muxer-webm: aa71ff27fc2769a1b78a27578f13a17b -> 
  custom:video-decoder-webm-vp8: 9c59270c3fd7afecdb556c50c9e8de78 -> 
  custom:SearchIndexIgnoredProperties: e643bd26f0fe6173181afceb89e7c659 -> 
  custom:AudioImporter_EditorPlatform: d09bf68614088b80899f8185d706f6e7 -> 
  custom:video-encoder-webm-vp8: eb34c28f22e8b96e1ab97ce403110664 -> 
  custom:audio-decoder-ogg-vorbis: bf7c407c2cedff20999df2af8eb42d56 -> 
  custom:audio-encoder-webm-vorbis: bf7c407c2cedff20999df2af8eb42d56 -> 
========================================================================
Received Import Request.
  Time since last request: 90.967101 seconds.
  path: Assets/Materials/GrassTextures.mat
  artifactKey: Guid(cbce52aa9721b1441a5200ab48aaff4d) Importer(815301076,1909f56bfc062723c751e8b465ee728b)
Start importing Assets/Materials/GrassTextures.mat using Guid(cbce52aa9721b1441a5200ab48aaff4d) Importer(815301076,1909f56bfc062723c751e8b465ee728b)  -> (artifact id: 'af38976390707740b885538c5d4a96ce') in 0.196080 seconds
Number of updated asset objects reloaded before import = 0
Number of asset objects unloaded after import = 2
========================================================================
Received Import Request.
  Time since last request: 412.907053 seconds.
  path: Assets/Textures/SnakeSkinNormalMap.png
  artifactKey: Guid(c06adb54ac93dc940b2726abda021849) Importer(815301076,1909f56bfc062723c751e8b465ee728b)
Start importing Assets/Textures/SnakeSkinNormalMap.png using Guid(c06adb54ac93dc940b2726abda021849) Importer(815301076,1909f56bfc062723c751e8b465ee728b)  -> (artifact id: '500d106826a5c75e883592c5fefb71f8') in 0.076788 seconds
Number of updated asset objects reloaded before import = 0
Number of asset objects unloaded after import = 2
========================================================================
Received Import Request.
  Time since last request: 0.000031 seconds.
  path: Assets/Textures/SnakeSkinTextures.jpg
  artifactKey: Guid(6a806846903ec2e46b23c0f65ce323c8) Importer(815301076,1909f56bfc062723c751e8b465ee728b)
Start importing Assets/Textures/SnakeSkinTextures.jpg using Guid(6a806846903ec2e46b23c0f65ce323c8) Importer(815301076,1909f56bfc062723c751e8b465ee728b)  -> (artifact id: '823a6b16218ffdee72f2c7bb7140c5f6') in 0.085903 seconds
Number of updated asset objects reloaded before import = 0
Number of asset objects unloaded after import = 2
========================================================================
Received Import Request.
  Time since last request: 28.531992 seconds.
  path: Assets/Materials/SnakeSkin.mat
  artifactKey: Guid(23dd4580f8d467840aa86e76f813de37) Importer(815301076,1909f56bfc062723c751e8b465ee728b)
Start importing Assets/Materials/SnakeSkin.mat using Guid(23dd4580f8d467840aa86e76f813de37) Importer(815301076,1909f56bfc062723c751e8b465ee728b)  -> (artifact id: '06f9f1e07a7532942a12d13df98f9022') in 0.031001 seconds
Number of updated asset objects reloaded before import = 0
Number of asset objects unloaded after import = 1
========================================================================
Received Import Request.
  Time since last request: 49.303588 seconds.
  path: Assets/Textures/SnakeSkinNormalMap.png
  artifactKey: Guid(c06adb54ac93dc940b2726abda021849) Importer(815301076,1909f56bfc062723c751e8b465ee728b)
Start importing Assets/Textures/SnakeSkinNormalMap.png using Guid(c06adb54ac93dc940b2726abda021849) Importer(815301076,1909f56bfc062723c751e8b465ee728b)  -> (artifact id: '8cd7c494d510aa87fdf1f1964f3817cb') in 0.061901 seconds
Number of updated asset objects reloaded before import = 0
Number of asset objects unloaded after import = 2
========================================================================
Received Import Request.
  Time since last request: 1007.115486 seconds.
  path: Assets/Models/Pls_work_generator_lp_1_butWith_editedmesh_badfor_bake.fbx
  artifactKey: Guid(c2a0b9ed7f73258409d825d4c4d04de7) Importer(815301076,1909f56bfc062723c751e8b465ee728b)
Start importing Assets/Models/Pls_work_generator_lp_1_butWith_editedmesh_badfor_bake.fbx using Guid(c2a0b9ed7f73258409d825d4c4d04de7) Importer(815301076,1909f56bfc062723c751e8b465ee728b)  -> (artifact id: '91cbcc55d01b486e562a3e00f0130f4d') in 2.496399 seconds
Number of updated asset objects reloaded before import = 0
Number of asset objects unloaded after import = 570
========================================================================
Received Import Request.
  Time since last request: 149.017132 seconds.
  path: Assets/Models/Generator.fbx
  artifactKey: Guid(c2a0b9ed7f73258409d825d4c4d04de7) Importer(815301076,1909f56bfc062723c751e8b465ee728b)
Start importing Assets/Models/Generator.fbx using Guid(c2a0b9ed7f73258409d825d4c4d04de7) Importer(815301076,1909f56bfc062723c751e8b465ee728b)  -> (artifact id: 'd1e9410de27d51b726c0dca71355754f') in 2.072737 seconds
Number of updated asset objects reloaded before import = 0
Number of asset objects unloaded after import = 570
========================================================================
Received Import Request.
  Time since last request: 94.220187 seconds.
  path: Assets/Textures/textures
  artifactKey: Guid(81425dcfca3ca884dbfa5651b647c56f) Importer(815301076,1909f56bfc062723c751e8b465ee728b)
Start importing Assets/Textures/textures using Guid(81425dcfca3ca884dbfa5651b647c56f) Importer(815301076,1909f56bfc062723c751e8b465ee728b)  -> (artifact id: '4d622ebccbf288585eb37250fc8af12a') in 0.002488 seconds
Number of updated asset objects reloaded before import = 0
Number of asset objects unloaded after import = 0
========================================================================
Received Import Request.
  Time since last request: 6.970234 seconds.
  path: Assets/Textures/Generator
  artifactKey: Guid(81425dcfca3ca884dbfa5651b647c56f) Importer(815301076,1909f56bfc062723c751e8b465ee728b)
Start importing Assets/Textures/Generator using Guid(81425dcfca3ca884dbfa5651b647c56f) Importer(815301076,1909f56bfc062723c751e8b465ee728b)  -> (artifact id: 'b38d72d7be057d0633ee2766f8c7a60e') in 0.000969 seconds
Number of updated asset objects reloaded before import = 0
Number of asset objects unloaded after import = 0
========================================================================
Received Import Request.
  Time since last request: 2.630520 seconds.
  path: Assets/Textures/Generator/internal_ground_ao_texture.jpeg
  artifactKey: Guid(adb6463d16dbfc9458bed1d8dca437d1) Importer(815301076,1909f56bfc062723c751e8b465ee728b)
Start importing Assets/Textures/Generator/internal_ground_ao_texture.jpeg using Guid(adb6463d16dbfc9458bed1d8dca437d1) Importer(815301076,1909f56bfc062723c751e8b465ee728b)  -> (artifact id: 'df4f57c9a60b60065ea067e18452c8fc') in 0.053634 seconds
Number of updated asset objects reloaded before import = 0
Number of asset objects unloaded after import = 2
========================================================================
Received Import Request.
  Time since last request: 0.000032 seconds.
  path: Assets/Textures/Generator/TT_checker_4096x4096_UV_GRID_Metallic.png
  artifactKey: Guid(5fe532d769be081429865928291af34f) Importer(815301076,1909f56bfc062723c751e8b465ee728b)
Start importing Assets/Textures/Generator/TT_checker_4096x4096_UV_GRID_Metallic.png using Guid(5fe532d769be081429865928291af34f) Importer(815301076,1909f56bfc062723c751e8b465ee728b)  -> (artifact id: '6286956f7672f8d8ece47e6fd237d4e1') in 0.076223 seconds
Number of updated asset objects reloaded before import = 0
Number of asset objects unloaded after import = 2
========================================================================
Received Import Request.
  Time since last request: 0.000046 seconds.
  path: Assets/Textures/Generator/TT_checker_4096x4096_UV_GRID_Normal.png
  artifactKey: Guid(0fe43622ca0410d4da4ef7c5d48e241e) Importer(815301076,1909f56bfc062723c751e8b465ee728b)
Start importing Assets/Textures/Generator/TT_checker_4096x4096_UV_GRID_Normal.png using Guid(0fe43622ca0410d4da4ef7c5d48e241e) Importer(815301076,1909f56bfc062723c751e8b465ee728b)  -> (artifact id: '74c53e0831a0eaaad47858ae35a01064') in 0.053286 seconds
Number of updated asset objects reloaded before import = 0
Number of asset objects unloaded after import = 2
========================================================================
Received Import Request.
  Time since last request: 0.000042 seconds.
  path: Assets/Textures/Generator/TT_checker_4096x4096_UV_GRID_Roughness.png
  artifactKey: Guid(a486c90379b415d4abdb1a0977e532a4) Importer(815301076,1909f56bfc062723c751e8b465ee728b)
Start importing Assets/Textures/Generator/TT_checker_4096x4096_UV_GRID_Roughness.png using Guid(a486c90379b415d4abdb1a0977e532a4) Importer(815301076,1909f56bfc062723c751e8b465ee728b)  -> (artifact id: '2267c92cfb883be902a6464f14c1491d') in 0.050436 seconds
Number of updated asset objects reloaded before import = 0
Number of asset objects unloaded after import = 2
========================================================================
Received Import Request.
  Time since last request: 0.000022 seconds.
  path: Assets/Textures/Generator/TT_checker_4096x4096_UV_GRID_BaseColor.png
  artifactKey: Guid(d906fb22ce36a0b48a570172b1ac5532) Importer(815301076,1909f56bfc062723c751e8b465ee728b)
Start importing Assets/Textures/Generator/TT_checker_4096x4096_UV_GRID_BaseColor.png using Guid(d906fb22ce36a0b48a570172b1ac5532) Importer(815301076,1909f56bfc062723c751e8b465ee728b)  -> (artifact id: '6ca44a7990624b552dd2ca13c00b8454') in 0.057354 seconds
Number of updated asset objects reloaded before import = 0
Number of asset objects unloaded after import = 2
========================================================================
Received Import Request.
  Time since last request: 14.668164 seconds.
  path: Assets/Materials/Generator.mat
  artifactKey: Guid(ede4458c2f3099a4da0df897bb7bf901) Importer(815301076,1909f56bfc062723c751e8b465ee728b)
Start importing Assets/Materials/Generator.mat using Guid(ede4458c2f3099a4da0df897bb7bf901) Importer(815301076,1909f56bfc062723c751e8b465ee728b)  -> (artifact id: '61a9ead05796c4e119d5bbcbb449ed74') in 0.037068 seconds
Number of updated asset objects reloaded before import = 0
Number of asset objects unloaded after import = 1
========================================================================
Received Import Request.
  Time since last request: 272.507093 seconds.
  path: Assets/Textures/Generator/TT_checker_4096x4096_UV_GRID_Normal.png
  artifactKey: Guid(0fe43622ca0410d4da4ef7c5d48e241e) Importer(815301076,1909f56bfc062723c751e8b465ee728b)
Start importing Assets/Textures/Generator/TT_checker_4096x4096_UV_GRID_Normal.png using Guid(0fe43622ca0410d4da4ef7c5d48e241e) Importer(815301076,1909f56bfc062723c751e8b465ee728b)  -> (artifact id: 'c92a8f4a15b989f11253f872d333236b') in 0.068903 seconds
Number of updated asset objects reloaded before import = 0
Number of asset objects unloaded after import = 2
========================================================================
Received Import Request.
  Time since last request: 206.407583 seconds.
  path: Assets/Models
  artifactKey: Guid(4db6e707171d5044882b9b2c7ca7a6de) Importer(815301076,1909f56bfc062723c751e8b465ee728b)
Start importing Assets/Models using Guid(4db6e707171d5044882b9b2c7ca7a6de) Importer(815301076,1909f56bfc062723c751e8b465ee728b)  -> (artifact id: 'c9f7049a930f9558b6c1de76314d1fa0') in 0.001635 seconds
Number of updated asset objects reloaded before import = 0
Number of asset objects unloaded after import = 0
========================================================================
Received Import Request.
  Time since last request: 805.947630 seconds.
  path: Assets/Models/Generator.fbx
  artifactKey: Guid(c2a0b9ed7f73258409d825d4c4d04de7) Importer(815301076,1909f56bfc062723c751e8b465ee728b)
Start importing Assets/Models/Generator.fbx using Guid(c2a0b9ed7f73258409d825d4c4d04de7) Importer(815301076,1909f56bfc062723c751e8b465ee728b)  -> (artifact id: '7125e612a16a769f0c7a9a3df507f0b2') in 2.292198 seconds
Number of updated asset objects reloaded before import = 0
Number of asset objects unloaded after import = 570
========================================================================
Received Prepare
Begin MonoManager ReloadAssembly
- Loaded All Assemblies, in  5.461 seconds
Refreshing native plugins compatible for Editor in 11.93 ms, found 3 plugins.
Native extension for WindowsStandalone target not found
Native extension for WebGL target not found
[Package Manager] Server::EnsureServerProcessIsRunning -- launch failed, reason: Unity was launched with the -noUpm command-line argument
[Package Manager] UpmClient::Send -- Unable to send message (not connected to UPM process).
[Package Manager] Cannot connect to Unity Package Manager local server
Mono: successfully reloaded assembly
- Finished resetting the current domain, in  3.900 seconds
Domain Reload Profiling: 9356ms
	BeginReloadAssembly (557ms)
		ExecutionOrderSort (0ms)
		DisableScriptedObjects (13ms)
		BackupInstance (0ms)
		ReleaseScriptingObjects (0ms)
		CreateAndSetChildDomain (233ms)
	RebuildCommonClasses (109ms)
	RebuildNativeTypeToScriptingClass (29ms)
	initialDomainReloadingComplete (129ms)
	LoadAllAssembliesAndSetupDomain (4630ms)
		LoadAssemblies (4757ms)
		RebuildTransferFunctionScriptingTraits (0ms)
		AnalyzeDomain (106ms)
			TypeCache.Refresh (83ms)
				TypeCache.ScanAssembly (0ms)
			ScanForSourceGeneratedMonoScriptInfo (1ms)
			ResolveRequiredComponents (21ms)
	FinalizeReload (3902ms)
		ReleaseScriptCaches (0ms)
		RebuildScriptCaches (0ms)
		SetupLoadedEditorAssemblies (1562ms)
			LogAssemblyErrors (0ms)
			InitializePlatformSupportModulesInManaged (30ms)
			SetLoadedEditorAssemblies (14ms)
			RefreshPlugins (0ms)
			BeforeProcessingInitializeOnLoad (201ms)
			ProcessInitializeOnLoadAttributes (1240ms)
			ProcessInitializeOnLoadMethodAttributes (55ms)
			AfterProcessingInitializeOnLoad (21ms)
			EditorAssembliesLoaded (0ms)
		ExecutionOrderSort2 (0ms)
		AwakeInstancesAfterBackupRestoration (17ms)
Refreshing native plugins compatible for Editor in 5.67 ms, found 3 plugins.
Preloading 0 native plugins for Editor in 0.00 ms.
Unloading 3075 Unused Serialized files (Serialized files now loaded: 0)
Unloading 23 unused Assets / (31.1 KB). Loaded Objects now: 3598.
Memory consumption went from 130.0 MB to 130.0 MB.
Total: 5.056400 ms (FindLiveObjects: 0.413500 ms CreateObjectMapping: 0.316800 ms MarkObjects: 4.248800 ms  DeleteObjects: 0.075400 ms)

Prepare: number of updated asset objects reloaded= 0
AssetImportParameters requested are different than current active one (requested -> active):
  custom:container-demuxer-ogg: 62fdf1f143b41e24485cea50d1cbac27 -> 
  custom:video-decoder-ogg-theora: a1e56fd34408186e4bbccfd4996cb3dc -> 
  custom:framework-win-MediaFoundation: 216162199b28c13a410421893ffa2e32 -> 
  custom:CustomObjectIndexerAttribute: 43b350a4d6e6d1791af0b5038c4bea17 -> 
  custom:container-demuxer-webm: 4f35f7cbe854078d1ac9338744f61a02 -> 
  custom:container-muxer-webm: aa71ff27fc2769a1b78a27578f13a17b -> 
  custom:video-decoder-webm-vp8: 9c59270c3fd7afecdb556c50c9e8de78 -> 
  custom:SearchIndexIgnoredProperties: e643bd26f0fe6173181afceb89e7c659 -> 
  custom:AudioImporter_EditorPlatform: d09bf68614088b80899f8185d706f6e7 -> 
  custom:video-encoder-webm-vp8: eb34c28f22e8b96e1ab97ce403110664 -> 
  custom:audio-decoder-ogg-vorbis: bf7c407c2cedff20999df2af8eb42d56 -> 
  custom:audio-encoder-webm-vorbis: bf7c407c2cedff20999df2af8eb42d56 -> 
========================================================================
Received Import Request.
  Time since last request: 456.850547 seconds.
  path: Assets/Models/Pls_work_generator_lp_1_butWith_editedmesh_badfor_bake.fbx
  artifactKey: Guid(04cc38bf6979f22459ba25afe320710a) Importer(815301076,1909f56bfc062723c751e8b465ee728b)
Start importing Assets/Models/Pls_work_generator_lp_1_butWith_editedmesh_badfor_bake.fbx using Guid(04cc38bf6979f22459ba25afe320710a) Importer(815301076,1909f56bfc062723c751e8b465ee728b)  -> (artifact id: '05e18f0d7ae1bd2c4766679cc7615bc9') in 2.938269 seconds
Number of updated asset objects reloaded before import = 0
Number of asset objects unloaded after import = 572
========================================================================
Received Import Request.
  Time since last request: 82.653000 seconds.
  path: Assets/Models/Generator.fbx
  artifactKey: Guid(04cc38bf6979f22459ba25afe320710a) Importer(815301076,1909f56bfc062723c751e8b465ee728b)
Start importing Assets/Models/Generator.fbx using Guid(04cc38bf6979f22459ba25afe320710a) Importer(815301076,1909f56bfc062723c751e8b465ee728b)  -> (artifact id: 'f5f97aa3e65d9e5d52e1d9482754ca54') in 1.988897 seconds
Number of updated asset objects reloaded before import = 0
Number of asset objects unloaded after import = 572
========================================================================
Received Import Request.
  Time since last request: 16.384564 seconds.
  path: Assets/Models/Generator.fbx
  artifactKey: Guid(04cc38bf6979f22459ba25afe320710a) Importer(815301076,1909f56bfc062723c751e8b465ee728b)
Start importing Assets/Models/Generator.fbx using Guid(04cc38bf6979f22459ba25afe320710a) Importer(815301076,1909f56bfc062723c751e8b465ee728b)  -> (artifact id: 'e5459858837b3decefc3f2f3aaccc930') in 1.919730 seconds
Number of updated asset objects reloaded before import = 0
Number of asset objects unloaded after import = 570
